
Grid Analysis and Display System (GrADS) Version 2.1.a2
Copyright (c) 1988-2013 by the Institute for Global Environment and Society (IGES)
GrADS comes with ABSOLUTELY NO WARRANTY
See file COPYRIGHT for more information

Config: v2.1.a2 little-endian readline grib2 netcdf hdf4-sds hdf5 opendap-grids,stn geotiff shapefile cairo
Issue 'q config' command for more detailed configuration information
GX Package Initialization: Size = 8.5 11 
Running in Batch mode
times_given  0
 The default xy_ration = 1.2
 === Page=1; column =1
 === Page=1; row =1
DRAW error: Syntax is DRAW STRING x y string
Most GrADS attributes have been reset
GX Package Terminated 

Grid Analysis and Display System (GrADS) Version 2.1.a2
Copyright (c) 1988-2013 by the Institute for Global Environment and Society (IGES)
GrADS comes with ABSOLUTELY NO WARRANTY
See file COPYRIGHT for more information

Config: v2.1.a2 little-endian readline grib2 netcdf hdf4-sds hdf5 opendap-grids,stn geotiff shapefile cairo
Issue 'q config' command for more detailed configuration information
GX Package Initialization: Size = 8.5 11 
Running in Batch mode
times_given  0
 The default xy_ration = 1.2
 === Page=1; column =1
 === Page=1; row =1
DRAW error: Syntax is DRAW STRING x y string
Most GrADS attributes have been reset
GX Package Terminated 

Grid Analysis and Display System (GrADS) Version 2.1.a2
Copyright (c) 1988-2013 by the Institute for Global Environment and Society (IGES)
GrADS comes with ABSOLUTELY NO WARRANTY
See file COPYRIGHT for more information

Config: v2.1.a2 little-endian readline grib2 netcdf hdf4-sds hdf5 opendap-grids,stn geotiff shapefile cairo
Issue 'q config' command for more detailed configuration information
GX Package Initialization: Size = 8.5 11 
Running in Batch mode
times_given  0
 The default xy_ration = 1.2
 === Page=1; column =1
 === Page=1; row =1
DRAW error: Syntax is DRAW STRING x y string
Most GrADS attributes have been reset
GX Package Terminated 

Grid Analysis and Display System (GrADS) Version 2.1.a2
Copyright (c) 1988-2013 by the Institute for Global Environment and Society (IGES)
GrADS comes with ABSOLUTELY NO WARRANTY
See file COPYRIGHT for more information

Config: v2.1.a2 little-endian readline grib2 netcdf hdf4-sds hdf5 opendap-grids,stn geotiff shapefile cairo
Issue 'q config' command for more detailed configuration information
GX Package Initialization: Size = 8.5 11 
Running in Batch mode
times_given  0
 The default xy_ration = 1.2
 === Page=1; column =1
 === Page=1; row =1
DRAW error: Syntax is DRAW STRING x y string
Most GrADS attributes have been reset
GX Package Terminated 

Grid Analysis and Display System (GrADS) Version 2.1.a2
Copyright (c) 1988-2013 by the Institute for Global Environment and Society (IGES)
GrADS comes with ABSOLUTELY NO WARRANTY
See file COPYRIGHT for more information

Config: v2.1.a2 little-endian readline grib2 netcdf hdf4-sds hdf5 opendap-grids,stn geotiff shapefile cairo
Issue 'q config' command for more detailed configuration information
GX Package Initialization: Size = 8.5 11 
Running in Batch mode
times_given  0
 The default xy_ration = 1.2
 === Page=1; column =1
 === Page=1; row =1
DRAW error: Syntax is DRAW STRING x y string
Most GrADS attributes have been reset
GX Package Terminated 

Grid Analysis and Display System (GrADS) Version 2.1.a2
Copyright (c) 1988-2013 by the Institute for Global Environment and Society (IGES)
GrADS comes with ABSOLUTELY NO WARRANTY
See file COPYRIGHT for more information

Config: v2.1.a2 little-endian readline grib2 netcdf hdf4-sds hdf5 opendap-grids,stn geotiff shapefile cairo
Issue 'q config' command for more detailed configuration information
GX Package Initialization: Size = 8.5 11 
Running in Batch mode
times_given  0
 The default xy_ration = 1.2
 === Page=1; column =1
 === Page=1; row =1
DRAW error: Syntax is DRAW STRING x y string
Most GrADS attributes have been reset
GX Package Terminated 

Grid Analysis and Display System (GrADS) Version 2.1.a2
Copyright (c) 1988-2013 by the Institute for Global Environment and Society (IGES)
GrADS comes with ABSOLUTELY NO WARRANTY
See file COPYRIGHT for more information

Config: v2.1.a2 little-endian readline grib2 netcdf hdf4-sds hdf5 opendap-grids,stn geotiff shapefile cairo
Issue 'q config' command for more detailed configuration information
GX Package Initialization: Size = 8.5 11 
Running in Batch mode
times_given  0
 The default xy_ration = 1.2
 === Page=1; column =1
 === Page=1; row =1
DRAW error: Syntax is DRAW STRING x y string
Most GrADS attributes have been reset
GX Package Terminated 

Grid Analysis and Display System (GrADS) Version 2.1.a2
Copyright (c) 1988-2013 by the Institute for Global Environment and Society (IGES)
GrADS comes with ABSOLUTELY NO WARRANTY
See file COPYRIGHT for more information

Config: v2.1.a2 little-endian readline grib2 netcdf hdf4-sds hdf5 opendap-grids,stn geotiff shapefile cairo
Issue 'q config' command for more detailed configuration information
GX Package Initialization: Size = 8.5 11 
Running in Batch mode
times_given  0
 The default xy_ration = 1.2
 === Page=1; column =1
 === Page=1; row =1
DRAW error: Syntax is DRAW STRING x y string
Most GrADS attributes have been reset
GX Package Terminated 

Grid Analysis and Display System (GrADS) Version 2.1.a2
Copyright (c) 1988-2013 by the Institute for Global Environment and Society (IGES)
GrADS comes with ABSOLUTELY NO WARRANTY
See file COPYRIGHT for more information

Config: v2.1.a2 little-endian readline grib2 netcdf hdf4-sds hdf5 opendap-grids,stn geotiff shapefile cairo
Issue 'q config' command for more detailed configuration information
GX Package Initialization: Size = 8.5 11 
Running in Batch mode
times_given  0
 The default xy_ration = 1.2
 === Page=1; column =1
 === Page=1; row =1
DRAW error: Syntax is DRAW STRING x y string
Most GrADS attributes have been reset
GX Package Terminated 

Grid Analysis and Display System (GrADS) Version 2.1.a2
Copyright (c) 1988-2013 by the Institute for Global Environment and Society (IGES)
GrADS comes with ABSOLUTELY NO WARRANTY
See file COPYRIGHT for more information

Config: v2.1.a2 little-endian readline grib2 netcdf hdf4-sds hdf5 opendap-grids,stn geotiff shapefile cairo
Issue 'q config' command for more detailed configuration information
GX Package Initialization: Size = 8.5 11 
Running in Batch mode
times_given  0
 The default xy_ration = 1.2
 === Page=1; column =1
 === Page=1; row =1
DRAW error: Syntax is DRAW STRING x y string
Most GrADS attributes have been reset
GX Package Terminated 

Grid Analysis and Display System (GrADS) Version 2.1.a2
Copyright (c) 1988-2013 by the Institute for Global Environment and Society (IGES)
GrADS comes with ABSOLUTELY NO WARRANTY
See file COPYRIGHT for more information

Config: v2.1.a2 little-endian readline grib2 netcdf hdf4-sds hdf5 opendap-grids,stn geotiff shapefile cairo
Issue 'q config' command for more detailed configuration information
GX Package Initialization: Size = 8.5 11 
Running in Batch mode
times_given  0
 The default xy_ration = 1.2
 === Page=1; column =1
 === Page=1; row =1
DRAW error: Syntax is DRAW STRING x y string
Most GrADS attributes have been reset
GX Package Terminated 

Grid Analysis and Display System (GrADS) Version 2.1.a2
Copyright (c) 1988-2013 by the Institute for Global Environment and Society (IGES)
GrADS comes with ABSOLUTELY NO WARRANTY
See file COPYRIGHT for more information

Config: v2.1.a2 little-endian readline grib2 netcdf hdf4-sds hdf5 opendap-grids,stn geotiff shapefile cairo
Issue 'q config' command for more detailed configuration information
GX Package Initialization: Size = 8.5 11 
Running in Batch mode
times_given  0
 The default xy_ration = 1.2
 === Page=1; column =1
 === Page=1; row =1
DRAW error: Syntax is DRAW STRING x y string
Most GrADS attributes have been reset
GX Package Terminated 

Grid Analysis and Display System (GrADS) Version 2.1.a2
Copyright (c) 1988-2013 by the Institute for Global Environment and Society (IGES)
GrADS comes with ABSOLUTELY NO WARRANTY
See file COPYRIGHT for more information

Config: v2.1.a2 little-endian readline grib2 netcdf hdf4-sds hdf5 opendap-grids,stn geotiff shapefile cairo
Issue 'q config' command for more detailed configuration information
GX Package Initialization: Size = 8.5 11 
Running in Batch mode
times_given  0
 The default xy_ration = 1.2
 === Page=1; column =1
 === Page=1; row =1
DRAW error: Syntax is DRAW STRING x y string
Most GrADS attributes have been reset
GX Package Terminated 

Grid Analysis and Display System (GrADS) Version 2.1.a2
Copyright (c) 1988-2013 by the Institute for Global Environment and Society (IGES)
GrADS comes with ABSOLUTELY NO WARRANTY
See file COPYRIGHT for more information

Config: v2.1.a2 little-endian readline grib2 netcdf hdf4-sds hdf5 opendap-grids,stn geotiff shapefile cairo
Issue 'q config' command for more detailed configuration information
GX Package Initialization: Size = 8.5 11 
Running in Batch mode
times_given  0
 The default xy_ration = 1.2
 === Page=1; column =1
 === Page=1; row =1
DRAW error: Syntax is DRAW STRING x y string
Most GrADS attributes have been reset
GX Package Terminated 

Grid Analysis and Display System (GrADS) Version 2.1.a2
Copyright (c) 1988-2013 by the Institute for Global Environment and Society (IGES)
GrADS comes with ABSOLUTELY NO WARRANTY
See file COPYRIGHT for more information

Config: v2.1.a2 little-endian readline grib2 netcdf hdf4-sds hdf5 opendap-grids,stn geotiff shapefile cairo
Issue 'q config' command for more detailed configuration information
GX Package Initialization: Size = 8.5 11 
Running in Batch mode
times_given  0
 The default xy_ration = 1.2
 === Page=1; column =1
 === Page=1; row =1
DRAW error: Syntax is DRAW STRING x y string
Most GrADS attributes have been reset
GX Package Terminated 

Grid Analysis and Display System (GrADS) Version 2.1.a2
Copyright (c) 1988-2013 by the Institute for Global Environment and Society (IGES)
GrADS comes with ABSOLUTELY NO WARRANTY
See file COPYRIGHT for more information

Config: v2.1.a2 little-endian readline grib2 netcdf hdf4-sds hdf5 opendap-grids,stn geotiff shapefile cairo
Issue 'q config' command for more detailed configuration information
GX Package Initialization: Size = 8.5 11 
Running in Batch mode
times_given  0
 The default xy_ration = 1.2
 === Page=1; column =1
 === Page=1; row =1
DRAW error: Syntax is DRAW STRING x y string
Most GrADS attributes have been reset
GX Package Terminated 

Grid Analysis and Display System (GrADS) Version 2.1.a2
Copyright (c) 1988-2013 by the Institute for Global Environment and Society (IGES)
GrADS comes with ABSOLUTELY NO WARRANTY
See file COPYRIGHT for more information

Config: v2.1.a2 little-endian readline grib2 netcdf hdf4-sds hdf5 opendap-grids,stn geotiff shapefile cairo
Issue 'q config' command for more detailed configuration information
GX Package Initialization: Size = 8.5 11 
Running in Batch mode
times_given  0
 The default xy_ration = 1.2
 === Page=1; column =1
 === Page=1; row =1
DRAW error: Syntax is DRAW STRING x y string
Most GrADS attributes have been reset
GX Package Terminated 

Grid Analysis and Display System (GrADS) Version 2.1.a2
Copyright (c) 1988-2013 by the Institute for Global Environment and Society (IGES)
GrADS comes with ABSOLUTELY NO WARRANTY
See file COPYRIGHT for more information

Config: v2.1.a2 little-endian readline grib2 netcdf hdf4-sds hdf5 opendap-grids,stn geotiff shapefile cairo
Issue 'q config' command for more detailed configuration information
GX Package Initialization: Size = 8.5 11 
Running in Batch mode
times_given  0
 The default xy_ration = 1.2
 === Page=1; column =1
 === Page=1; row =1
DRAW error: Syntax is DRAW STRING x y string
Most GrADS attributes have been reset
GX Package Terminated 

Grid Analysis and Display System (GrADS) Version 2.1.a2
Copyright (c) 1988-2013 by the Institute for Global Environment and Society (IGES)
GrADS comes with ABSOLUTELY NO WARRANTY
See file COPYRIGHT for more information

Config: v2.1.a2 little-endian readline grib2 netcdf hdf4-sds hdf5 opendap-grids,stn geotiff shapefile cairo
Issue 'q config' command for more detailed configuration information
GX Package Initialization: Size = 8.5 11 
Running in Batch mode
times_given  0
 The default xy_ration = 1.2
 === Page=1; column =1
 === Page=1; row =1
DRAW error: Syntax is DRAW STRING x y string
Most GrADS attributes have been reset
GX Package Terminated 

Grid Analysis and Display System (GrADS) Version 2.1.a2
Copyright (c) 1988-2013 by the Institute for Global Environment and Society (IGES)
GrADS comes with ABSOLUTELY NO WARRANTY
See file COPYRIGHT for more information

Config: v2.1.a2 little-endian readline grib2 netcdf hdf4-sds hdf5 opendap-grids,stn geotiff shapefile cairo
Issue 'q config' command for more detailed configuration information
GX Package Initialization: Size = 8.5 11 
Running in Batch mode
times_given  0
 The default xy_ration = 1.2
 === Page=1; column =1
 === Page=1; row =1
DRAW error: Syntax is DRAW STRING x y string
Most GrADS attributes have been reset
GX Package Terminated 

Grid Analysis and Display System (GrADS) Version 2.1.a2
Copyright (c) 1988-2013 by the Institute for Global Environment and Society (IGES)
GrADS comes with ABSOLUTELY NO WARRANTY
See file COPYRIGHT for more information

Config: v2.1.a2 little-endian readline grib2 netcdf hdf4-sds hdf5 opendap-grids,stn geotiff shapefile cairo
Issue 'q config' command for more detailed configuration information
GX Package Initialization: Size = 8.5 11 
Running in Batch mode
times_given  0
 The default xy_ration = 1.2
 === Page=1; column =1
 === Page=1; row =1
DRAW error: Syntax is DRAW STRING x y string
Most GrADS attributes have been reset
GX Package Terminated 

Grid Analysis and Display System (GrADS) Version 2.1.a2
Copyright (c) 1988-2013 by the Institute for Global Environment and Society (IGES)
GrADS comes with ABSOLUTELY NO WARRANTY
See file COPYRIGHT for more information

Config: v2.1.a2 little-endian readline grib2 netcdf hdf4-sds hdf5 opendap-grids,stn geotiff shapefile cairo
Issue 'q config' command for more detailed configuration information
GX Package Initialization: Size = 8.5 11 
Running in Batch mode
times_given  0
 The default xy_ration = 1.2
 === Page=1; column =1
 === Page=1; row =1
DRAW error: Syntax is DRAW STRING x y string
Most GrADS attributes have been reset
GX Package Terminated 

Grid Analysis and Display System (GrADS) Version 2.1.a2
Copyright (c) 1988-2013 by the Institute for Global Environment and Society (IGES)
GrADS comes with ABSOLUTELY NO WARRANTY
See file COPYRIGHT for more information

Config: v2.1.a2 little-endian readline grib2 netcdf hdf4-sds hdf5 opendap-grids,stn geotiff shapefile cairo
Issue 'q config' command for more detailed configuration information
GX Package Initialization: Size = 8.5 11 
Running in Batch mode
times_given  0
 The default xy_ration = 1.2
 === Page=1; column =1
 === Page=1; row =1
DRAW error: Syntax is DRAW STRING x y string
Most GrADS attributes have been reset
GX Package Terminated 

Grid Analysis and Display System (GrADS) Version 2.1.a2
Copyright (c) 1988-2013 by the Institute for Global Environment and Society (IGES)
GrADS comes with ABSOLUTELY NO WARRANTY
See file COPYRIGHT for more information

Config: v2.1.a2 little-endian readline grib2 netcdf hdf4-sds hdf5 opendap-grids,stn geotiff shapefile cairo
Issue 'q config' command for more detailed configuration information
GX Package Initialization: Size = 8.5 11 
Running in Batch mode
times_given  0
 The default xy_ration = 1.2
 === Page=1; column =1
 === Page=1; row =1
DRAW error: Syntax is DRAW STRING x y string
Most GrADS attributes have been reset
GX Package Terminated 

Grid Analysis and Display System (GrADS) Version 2.1.a2
Copyright (c) 1988-2013 by the Institute for Global Environment and Society (IGES)
GrADS comes with ABSOLUTELY NO WARRANTY
See file COPYRIGHT for more information

Config: v2.1.a2 little-endian readline grib2 netcdf hdf4-sds hdf5 opendap-grids,stn geotiff shapefile cairo
Issue 'q config' command for more detailed configuration information
GX Package Initialization: Size = 8.5 11 
Running in Batch mode
times_given  0
Data Request Warning:  Request is completely outside file limits
 The default xy_ration = 1.2
 === Page=1; column =1
 === Page=1; row =1
DRAW error: Syntax is DRAW STRING x y string
Most GrADS attributes have been reset
GX Package Terminated 

Grid Analysis and Display System (GrADS) Version 2.1.a2
Copyright (c) 1988-2013 by the Institute for Global Environment and Society (IGES)
GrADS comes with ABSOLUTELY NO WARRANTY
See file COPYRIGHT for more information

Config: v2.1.a2 little-endian readline grib2 netcdf hdf4-sds hdf5 opendap-grids,stn geotiff shapefile cairo
Issue 'q config' command for more detailed configuration information
GX Package Initialization: Size = 8.5 11 
Running in Batch mode
times_given  0
Data Request Warning:  Request is completely outside file limits
 The default xy_ration = 1.2
 === Page=1; column =1
 === Page=1; row =1
DRAW error: Syntax is DRAW STRING x y string
Most GrADS attributes have been reset
GX Package Terminated 

Grid Analysis and Display System (GrADS) Version 2.1.a2
Copyright (c) 1988-2013 by the Institute for Global Environment and Society (IGES)
GrADS comes with ABSOLUTELY NO WARRANTY
See file COPYRIGHT for more information

Config: v2.1.a2 little-endian readline grib2 netcdf hdf4-sds hdf5 opendap-grids,stn geotiff shapefile cairo
Issue 'q config' command for more detailed configuration information
GX Package Initialization: Size = 8.5 11 
Running in Batch mode
times_given  0
Data Request Warning:  Request is completely outside file limits
 The default xy_ration = 1.2
 === Page=1; column =1
 === Page=1; row =1
DRAW error: Syntax is DRAW STRING x y string
Most GrADS attributes have been reset
GX Package Terminated 

Grid Analysis and Display System (GrADS) Version 2.1.a2
Copyright (c) 1988-2013 by the Institute for Global Environment and Society (IGES)
GrADS comes with ABSOLUTELY NO WARRANTY
See file COPYRIGHT for more information

Config: v2.1.a2 little-endian readline grib2 netcdf hdf4-sds hdf5 opendap-grids,stn geotiff shapefile cairo
Issue 'q config' command for more detailed configuration information
GX Package Initialization: Size = 8.5 11 
Running in Batch mode
times_given  0
Data Request Warning:  Request is completely outside file limits
 The default xy_ration = 1.2
 === Page=1; column =1
 === Page=1; row =1
DRAW error: Syntax is DRAW STRING x y string
Most GrADS attributes have been reset
GX Package Terminated 

Grid Analysis and Display System (GrADS) Version 2.1.a2
Copyright (c) 1988-2013 by the Institute for Global Environment and Society (IGES)
GrADS comes with ABSOLUTELY NO WARRANTY
See file COPYRIGHT for more information

Config: v2.1.a2 little-endian readline grib2 netcdf hdf4-sds hdf5 opendap-grids,stn geotiff shapefile cairo
Issue 'q config' command for more detailed configuration information
GX Package Initialization: Size = 8.5 11 
Running in Batch mode
times_given  0
Data Request Warning:  Request is completely outside file limits
 The default xy_ration = 1.2
 === Page=1; column =1
 === Page=1; row =1
DRAW error: Syntax is DRAW STRING x y string
Most GrADS attributes have been reset
GX Package Terminated 

Grid Analysis and Display System (GrADS) Version 2.1.a2
Copyright (c) 1988-2013 by the Institute for Global Environment and Society (IGES)
GrADS comes with ABSOLUTELY NO WARRANTY
See file COPYRIGHT for more information

Config: v2.1.a2 little-endian readline grib2 netcdf hdf4-sds hdf5 opendap-grids,stn geotiff shapefile cairo
Issue 'q config' command for more detailed configuration information
GX Package Initialization: Size = 8.5 11 
Running in Batch mode
times_given  0
Data Request Warning:  Request is completely outside file limits
 The default xy_ration = 1.2
 === Page=1; column =1
 === Page=1; row =1
DRAW error: Syntax is DRAW STRING x y string
Most GrADS attributes have been reset
GX Package Terminated 

Grid Analysis and Display System (GrADS) Version 2.1.a2
Copyright (c) 1988-2013 by the Institute for Global Environment and Society (IGES)
GrADS comes with ABSOLUTELY NO WARRANTY
See file COPYRIGHT for more information

Config: v2.1.a2 little-endian readline grib2 netcdf hdf4-sds hdf5 opendap-grids,stn geotiff shapefile cairo
Issue 'q config' command for more detailed configuration information
GX Package Initialization: Size = 8.5 11 
Running in Batch mode
times_given  0
 The default xy_ration = 1.2
 === Page=1; column =1
 === Page=1; row =1
DRAW error: Syntax is DRAW STRING x y string
Most GrADS attributes have been reset
GX Package Terminated 

Grid Analysis and Display System (GrADS) Version 2.1.a2
Copyright (c) 1988-2013 by the Institute for Global Environment and Society (IGES)
GrADS comes with ABSOLUTELY NO WARRANTY
See file COPYRIGHT for more information

Config: v2.1.a2 little-endian readline grib2 netcdf hdf4-sds hdf5 opendap-grids,stn geotiff shapefile cairo
Issue 'q config' command for more detailed configuration information
GX Package Initialization: Size = 8.5 11 
Running in Batch mode
times_given  0
 The default xy_ration = 1.2
 === Page=1; column =1
 === Page=1; row =1
DRAW error: Syntax is DRAW STRING x y string
Most GrADS attributes have been reset
GX Package Terminated 
